<?xml version="1.0" encoding="UTF-8"?>
<coverage generated="1754675515588" clover="3.2.0">
  <project timestamp="1754675515589" name="All files">
    <metrics statements="52" coveredstatements="52" conditionals="22" coveredconditionals="20" methods="2" coveredmethods="2" elements="76" coveredelements="74" complexity="0" loc="52" ncloc="52" packages="2" files="2" classes="2"/>
    <package name="controllers">
      <metrics statements="48" coveredstatements="48" conditionals="22" coveredconditionals="20" methods="2" coveredmethods="2"/>
      <file name="users.ts" path="C:\Users\gh56\Desktop\mypromenade\backend\src\controllers\users.ts">
        <metrics statements="48" coveredstatements="48" conditionals="22" coveredconditionals="20" methods="2" coveredmethods="2"/>
        <line num="2" count="1" type="stmt"/>
        <line num="3" count="1" type="stmt"/>
        <line num="4" count="1" type="stmt"/>
        <line num="5" count="1" type="stmt"/>
        <line num="6" count="1" type="stmt"/>
        <line num="7" count="1" type="stmt"/>
        <line num="9" count="1" type="stmt"/>
        <line num="14" count="10" type="stmt"/>
        <line num="15" count="10" type="stmt"/>
        <line num="16" count="10" type="stmt"/>
        <line num="18" count="10" type="cond" truecount="6" falsecount="0"/>
        <line num="19" count="3" type="stmt"/>
        <line num="24" count="7" type="stmt"/>
        <line num="25" count="7" type="cond" truecount="2" falsecount="0"/>
        <line num="26" count="1" type="stmt"/>
        <line num="32" count="6" type="stmt"/>
        <line num="33" count="6" type="cond" truecount="2" falsecount="0"/>
        <line num="34" count="2" type="stmt"/>
        <line num="40" count="4" type="stmt"/>
        <line num="41" count="3" type="cond" truecount="1" falsecount="1"/>
        <line num="42" count="3" type="cond" truecount="2" falsecount="0"/>
        <line num="43" count="1" type="stmt"/>
        <line num="47" count="2" type="cond" truecount="2" falsecount="0"/>
        <line num="48" count="1" type="stmt"/>
        <line num="54" count="1" type="stmt"/>
        <line num="55" count="1" type="cond" truecount="1" falsecount="1"/>
        <line num="56" count="1" type="stmt"/>
        <line num="57" count="1" type="stmt"/>
        <line num="58" count="1" type="stmt"/>
        <line num="59" count="1" type="stmt"/>
        <line num="61" count="1" type="stmt"/>
        <line num="63" count="1" type="stmt"/>
        <line num="66" count="1" type="stmt"/>
        <line num="68" count="1" type="stmt"/>
        <line num="77" count="1" type="stmt"/>
        <line num="79" count="1" type="stmt"/>
        <line num="89" count="1" type="stmt"/>
        <line num="93" count="1" type="stmt"/>
        <line num="97" count="1" type="stmt"/>
        <line num="102" count="4" type="stmt"/>
        <line num="103" count="4" type="stmt"/>
        <line num="104" count="4" type="stmt"/>
        <line num="105" count="3" type="cond" truecount="4" falsecount="0"/>
        <line num="106" count="2" type="stmt"/>
        <line num="111" count="1" type="stmt"/>
        <line num="116" count="1" type="stmt"/>
        <line num="124" count="1" type="stmt"/>
        <line num="128" count="1" type="stmt"/>
      </file>
    </package>
    <package name="schemas">
      <metrics statements="4" coveredstatements="4" conditionals="0" coveredconditionals="0" methods="0" coveredmethods="0"/>
      <file name="user.ts" path="C:\Users\gh56\Desktop\mypromenade\backend\src\schemas\user.ts">
        <metrics statements="4" coveredstatements="4" conditionals="0" coveredconditionals="0" methods="0" coveredmethods="0"/>
        <line num="1" count="1" type="stmt"/>
        <line num="3" count="1" type="stmt"/>
        <line num="40" count="1" type="stmt"/>
        <line num="42" count="1" type="stmt"/>
      </file>
    </package>
  </project>
</coverage>
