{"C:\\Users\\gh56\\Desktop\\mypromenade\\backend\\src\\controllers\\categories.ts": {"path":"C:\\Users\\gh56\\Desktop\\mypromenade\\backend\\src\\controllers\\categories.ts","statementMap":{"0":{"start":{"line":2,"column":0},"end":{"line":2,"column":46}},"1":{"start":{"line":4,"column":30},"end":{"line":31,"column":1}},"2":{"start":{"line":9,"column":2},"end":{"line":30,"column":3}},"3":{"start":{"line":10,"column":21},"end":{"line":10,"column":29}},"4":{"start":{"line":11,"column":19},"end":{"line":11,"column":35}},"5":{"start":{"line":13,"column":4},"end":{"line":15,"column":5}},"6":{"start":{"line":14,"column":6},"end":{"line":14,"column":66}},"7":{"start":{"line":16,"column":24},"end":{"line":16,"column":68}},"8":{"start":{"line":17,"column":4},"end":{"line":17,"column":29}},"9":{"start":{"line":19,"column":4},"end":{"line":22,"column":7}},"10":{"start":{"line":24,"column":4},"end":{"line":28,"column":5}},"11":{"start":{"line":25,"column":6},"end":{"line":27,"column":50}},"12":{"start":{"line":29,"column":4},"end":{"line":29,"column":16}},"13":{"start":{"line":4,"column":13},"end":{"line":4,"column":30}},"14":{"start":{"line":33,"column":29},"end":{"line":45,"column":1}},"15":{"start":{"line":38,"column":2},"end":{"line":44,"column":3}},"16":{"start":{"line":39,"column":19},"end":{"line":39,"column":35}},"17":{"start":{"line":40,"column":23},"end":{"line":40,"column":62}},"18":{"start":{"line":41,"column":4},"end":{"line":41,"column":41}},"19":{"start":{"line":43,"column":4},"end":{"line":43,"column":16}},"20":{"start":{"line":33,"column":13},"end":{"line":33,"column":29}},"21":{"start":{"line":47,"column":30},"end":{"line":91,"column":1}},"22":{"start":{"line":52,"column":2},"end":{"line":90,"column":3}},"23":{"start":{"line":53,"column":19},"end":{"line":53,"column":29}},"24":{"start":{"line":54,"column":21},"end":{"line":54,"column":29}},"25":{"start":{"line":55,"column":19},"end":{"line":55,"column":35}},"26":{"start":{"line":57,"column":4},"end":{"line":61,"column":5}},"27":{"start":{"line":58,"column":6},"end":{"line":60,"column":50}},"28":{"start":{"line":63,"column":28},"end":{"line":66,"column":null}},"29":{"start":{"line":69,"column":4},"end":{"line":78,"column":5}},"30":{"start":{"line":70,"column":29},"end":{"line":70,"column":56}},"31":{"start":{"line":71,"column":6},"end":{"line":77,"column":7}},"32":{"start":{"line":72,"column":8},"end":{"line":74,"column":49}},"33":{"start":{"line":76,"column":8},"end":{"line":76,"column":65}},"34":{"start":{"line":79,"column":4},"end":{"line":82,"column":7}},"35":{"start":{"line":84,"column":4},"end":{"line":88,"column":5}},"36":{"start":{"line":85,"column":6},"end":{"line":87,"column":50}},"37":{"start":{"line":89,"column":4},"end":{"line":89,"column":16}},"38":{"start":{"line":47,"column":13},"end":{"line":47,"column":30}},"39":{"start":{"line":93,"column":30},"end":{"line":119,"column":1}},"40":{"start":{"line":98,"column":2},"end":{"line":118,"column":3}},"41":{"start":{"line":99,"column":19},"end":{"line":99,"column":29}},"42":{"start":{"line":100,"column":19},"end":{"line":100,"column":35}},"43":{"start":{"line":101,"column":28},"end":{"line":104,"column":6}},"44":{"start":{"line":105,"column":4},"end":{"line":114,"column":5}},"45":{"start":{"line":106,"column":29},"end":{"line":106,"column":56}},"46":{"start":{"line":107,"column":6},"end":{"line":113,"column":7}},"47":{"start":{"line":108,"column":8},"end":{"line":110,"column":49}},"48":{"start":{"line":112,"column":8},"end":{"line":112,"column":65}},"49":{"start":{"line":115,"column":4},"end":{"line":115,"column":62}},"50":{"start":{"line":117,"column":4},"end":{"line":117,"column":16}},"51":{"start":{"line":93,"column":13},"end":{"line":93,"column":30}}},"fnMap":{"0":{"name":"(anonymous_1)","decl":{"start":{"line":4,"column":30},"end":{"line":4,"column":35}},"loc":{"start":{"line":8,"column":4},"end":{"line":31,"column":1}}},"1":{"name":"(anonymous_2)","decl":{"start":{"line":33,"column":29},"end":{"line":33,"column":34}},"loc":{"start":{"line":37,"column":4},"end":{"line":45,"column":1}}},"2":{"name":"(anonymous_3)","decl":{"start":{"line":47,"column":30},"end":{"line":47,"column":35}},"loc":{"start":{"line":51,"column":4},"end":{"line":91,"column":1}}},"3":{"name":"(anonymous_4)","decl":{"start":{"line":93,"column":30},"end":{"line":93,"column":35}},"loc":{"start":{"line":97,"column":4},"end":{"line":119,"column":1}}}},"branchMap":{"0":{"loc":{"start":{"line":13,"column":4},"end":{"line":15,"column":5}},"type":"if","locations":[{"start":{"line":13,"column":4},"end":{"line":15,"column":5}},{"start":{},"end":{}}]},"1":{"loc":{"start":{"line":24,"column":4},"end":{"line":28,"column":5}},"type":"if","locations":[{"start":{"line":24,"column":4},"end":{"line":28,"column":5}},{"start":{},"end":{}}]},"2":{"loc":{"start":{"line":57,"column":4},"end":{"line":61,"column":5}},"type":"if","locations":[{"start":{"line":57,"column":4},"end":{"line":61,"column":5}},{"start":{},"end":{}}]},"3":{"loc":{"start":{"line":69,"column":4},"end":{"line":78,"column":5}},"type":"if","locations":[{"start":{"line":69,"column":4},"end":{"line":78,"column":5}},{"start":{},"end":{}}]},"4":{"loc":{"start":{"line":71,"column":6},"end":{"line":77,"column":7}},"type":"if","locations":[{"start":{"line":71,"column":6},"end":{"line":77,"column":7}},{"start":{"line":75,"column":13},"end":{"line":77,"column":7}}]},"5":{"loc":{"start":{"line":84,"column":4},"end":{"line":88,"column":5}},"type":"if","locations":[{"start":{"line":84,"column":4},"end":{"line":88,"column":5}},{"start":{},"end":{}}]},"6":{"loc":{"start":{"line":105,"column":4},"end":{"line":114,"column":5}},"type":"if","locations":[{"start":{"line":105,"column":4},"end":{"line":114,"column":5}},{"start":{},"end":{}}]},"7":{"loc":{"start":{"line":107,"column":6},"end":{"line":113,"column":7}},"type":"if","locations":[{"start":{"line":107,"column":6},"end":{"line":113,"column":7}},{"start":{"line":111,"column":13},"end":{"line":113,"column":7}}]}},"s":{"0":1,"1":1,"2":4,"3":4,"4":4,"5":4,"6":1,"7":3,"8":3,"9":1,"10":2,"11":1,"12":1,"13":1,"14":1,"15":2,"16":2,"17":2,"18":1,"19":1,"20":1,"21":1,"22":6,"23":6,"24":6,"25":6,"26":5,"27":1,"28":4,"29":3,"30":2,"31":2,"32":1,"33":1,"34":1,"35":2,"36":1,"37":1,"38":1,"39":1,"40":4,"41":4,"42":4,"43":4,"44":3,"45":2,"46":2,"47":1,"48":1,"49":1,"50":1,"51":1},"f":{"0":4,"1":2,"2":6,"3":4},"b":{"0":[1,3],"1":[1,1],"2":[1,4],"3":[2,1],"4":[1,1],"5":[1,1],"6":[2,1],"7":[1,1]}}
,"C:\\Users\\gh56\\Desktop\\mypromenade\\backend\\src\\controllers\\posts.ts": {"path":"C:\\Users\\gh56\\Desktop\\mypromenade\\backend\\src\\controllers\\posts.ts","statementMap":{"0":{"start":{"line":2,"column":0},"end":{"line":2,"column":38}},"1":{"start":{"line":4,"column":0},"end":{"line":4,"column":77}},"2":{"start":{"line":6,"column":26},"end":{"line":52,"column":1}},"3":{"start":{"line":11,"column":2},"end":{"line":51,"column":3}},"4":{"start":{"line":13,"column":47},"end":{"line":13,"column":55}},"5":{"start":{"line":14,"column":19},"end":{"line":14,"column":35}},"6":{"start":{"line":15,"column":19},"end":{"line":15,"column":53}},"7":{"start":{"line":17,"column":4},"end":{"line":21,"column":5}},"8":{"start":{"line":18,"column":6},"end":{"line":20,"column":49}},"9":{"start":{"line":23,"column":39},"end":{"line":23,"column":41}},"10":{"start":{"line":24,"column":4},"end":{"line":29,"column":5}},"11":{"start":{"line":25,"column":6},"end":{"line":28,"column":7}},"12":{"start":{"line":26,"column":25},"end":{"line":26,"column":59}},"13":{"start":{"line":27,"column":8},"end":{"line":27,"column":36}},"14":{"start":{"line":32,"column":20},"end":{"line":39,"column":6}},"15":{"start":{"line":42,"column":4},"end":{"line":42,"column":25}},"16":{"start":{"line":45,"column":4},"end":{"line":48,"column":7}},"17":{"start":{"line":50,"column":4},"end":{"line":50,"column":16}},"18":{"start":{"line":6,"column":13},"end":{"line":6,"column":26}},"19":{"start":{"line":54,"column":24},"end":{"line":68,"column":1}},"20":{"start":{"line":59,"column":2},"end":{"line":67,"column":3}},"21":{"start":{"line":60,"column":18},"end":{"line":60,"column":37}},"22":{"start":{"line":61,"column":4},"end":{"line":63,"column":5}},"23":{"start":{"line":62,"column":6},"end":{"line":62,"column":31}},"24":{"start":{"line":64,"column":4},"end":{"line":64,"column":32}},"25":{"start":{"line":66,"column":4},"end":{"line":66,"column":16}},"26":{"start":{"line":54,"column":13},"end":{"line":54,"column":24}},"27":{"start":{"line":70,"column":27},"end":{"line":85,"column":1}},"28":{"start":{"line":75,"column":2},"end":{"line":84,"column":3}},"29":{"start":{"line":76,"column":19},"end":{"line":76,"column":29}},"30":{"start":{"line":77,"column":17},"end":{"line":77,"column":40}},"31":{"start":{"line":78,"column":4},"end":{"line":80,"column":5}},"32":{"start":{"line":79,"column":6},"end":{"line":79,"column":66}},"33":{"start":{"line":81,"column":4},"end":{"line":81,"column":31}},"34":{"start":{"line":83,"column":4},"end":{"line":83,"column":16}},"35":{"start":{"line":70,"column":13},"end":{"line":70,"column":27}},"36":{"start":{"line":87,"column":26},"end":{"line":141,"column":1}},"37":{"start":{"line":92,"column":2},"end":{"line":140,"column":3}},"38":{"start":{"line":93,"column":19},"end":{"line":93,"column":29}},"39":{"start":{"line":94,"column":47},"end":{"line":94,"column":55}},"40":{"start":{"line":95,"column":19},"end":{"line":95,"column":35}},"41":{"start":{"line":96,"column":19},"end":{"line":96,"column":53}},"42":{"start":{"line":98,"column":4},"end":{"line":102,"column":5}},"43":{"start":{"line":99,"column":6},"end":{"line":101,"column":49}},"44":{"start":{"line":104,"column":26},"end":{"line":104,"column":49}},"45":{"start":{"line":105,"column":4},"end":{"line":107,"column":5}},"46":{"start":{"line":106,"column":6},"end":{"line":106,"column":66}},"47":{"start":{"line":109,"column":30},"end":{"line":109,"column":77}},"48":{"start":{"line":110,"column":4},"end":{"line":112,"column":5}},"49":{"start":{"line":111,"column":6},"end":{"line":111,"column":63}},"50":{"start":{"line":114,"column":39},"end":{"line":114,"column":41}},"51":{"start":{"line":115,"column":4},"end":{"line":120,"column":5}},"52":{"start":{"line":116,"column":6},"end":{"line":119,"column":7}},"53":{"start":{"line":117,"column":29},"end":{"line":117,"column":69}},"54":{"start":{"line":118,"column":8},"end":{"line":118,"column":40}},"55":{"start":{"line":122,"column":24},"end":{"line":131,"column":null}},"56":{"start":{"line":134,"column":4},"end":{"line":137,"column":7}},"57":{"start":{"line":139,"column":4},"end":{"line":139,"column":16}},"58":{"start":{"line":87,"column":13},"end":{"line":87,"column":26}},"59":{"start":{"line":143,"column":26},"end":{"line":175,"column":1}},"60":{"start":{"line":148,"column":2},"end":{"line":174,"column":3}},"61":{"start":{"line":149,"column":19},"end":{"line":149,"column":29}},"62":{"start":{"line":150,"column":19},"end":{"line":150,"column":35}},"63":{"start":{"line":152,"column":24},"end":{"line":155,"column":6}},"64":{"start":{"line":157,"column":4},"end":{"line":164,"column":5}},"65":{"start":{"line":158,"column":25},"end":{"line":158,"column":48}},"66":{"start":{"line":159,"column":6},"end":{"line":163,"column":7}},"67":{"start":{"line":160,"column":8},"end":{"line":160,"column":68}},"68":{"start":{"line":162,"column":8},"end":{"line":162,"column":65}},"69":{"start":{"line":166,"column":26},"end":{"line":166,"column":44}},"70":{"start":{"line":167,"column":4},"end":{"line":169,"column":5}},"71":{"start":{"line":168,"column":6},"end":{"line":168,"column":43}},"72":{"start":{"line":171,"column":4},"end":{"line":171,"column":61}},"73":{"start":{"line":173,"column":4},"end":{"line":173,"column":16}},"74":{"start":{"line":143,"column":13},"end":{"line":143,"column":26}}},"fnMap":{"0":{"name":"(anonymous_1)","decl":{"start":{"line":6,"column":26},"end":{"line":6,"column":31}},"loc":{"start":{"line":10,"column":4},"end":{"line":52,"column":1}}},"1":{"name":"(anonymous_2)","decl":{"start":{"line":54,"column":24},"end":{"line":54,"column":29}},"loc":{"start":{"line":58,"column":4},"end":{"line":68,"column":1}}},"2":{"name":"(anonymous_3)","decl":{"start":{"line":70,"column":27},"end":{"line":70,"column":32}},"loc":{"start":{"line":74,"column":4},"end":{"line":85,"column":1}}},"3":{"name":"(anonymous_4)","decl":{"start":{"line":87,"column":26},"end":{"line":87,"column":31}},"loc":{"start":{"line":91,"column":4},"end":{"line":141,"column":1}}},"4":{"name":"(anonymous_5)","decl":{"start":{"line":143,"column":26},"end":{"line":143,"column":31}},"loc":{"start":{"line":147,"column":4},"end":{"line":175,"column":1}}}},"branchMap":{"0":{"loc":{"start":{"line":17,"column":4},"end":{"line":21,"column":5}},"type":"if","locations":[{"start":{"line":17,"column":4},"end":{"line":21,"column":5}},{"start":{},"end":{}}]},"1":{"loc":{"start":{"line":17,"column":8},"end":{"line":17,"column":39}},"type":"binary-expr","locations":[{"start":{"line":17,"column":8},"end":{"line":17,"column":14}},{"start":{"line":17,"column":18},"end":{"line":17,"column":26}},{"start":{"line":17,"column":30},"end":{"line":17,"column":39}}]},"2":{"loc":{"start":{"line":24,"column":4},"end":{"line":29,"column":5}},"type":"if","locations":[{"start":{"line":24,"column":4},"end":{"line":29,"column":5}},{"start":{},"end":{}}]},"3":{"loc":{"start":{"line":24,"column":8},"end":{"line":24,"column":35}},"type":"binary-expr","locations":[{"start":{"line":24,"column":8},"end":{"line":24,"column":14}},{"start":{"line":24,"column":18},"end":{"line":24,"column":35}}]},"4":{"loc":{"start":{"line":61,"column":4},"end":{"line":63,"column":5}},"type":"if","locations":[{"start":{"line":61,"column":4},"end":{"line":63,"column":5}},{"start":{},"end":{}}]},"5":{"loc":{"start":{"line":61,"column":8},"end":{"line":61,"column":36}},"type":"binary-expr","locations":[{"start":{"line":61,"column":8},"end":{"line":61,"column":14}},{"start":{"line":61,"column":18},"end":{"line":61,"column":36}}]},"6":{"loc":{"start":{"line":78,"column":4},"end":{"line":80,"column":5}},"type":"if","locations":[{"start":{"line":78,"column":4},"end":{"line":80,"column":5}},{"start":{},"end":{}}]},"7":{"loc":{"start":{"line":98,"column":4},"end":{"line":102,"column":5}},"type":"if","locations":[{"start":{"line":98,"column":4},"end":{"line":102,"column":5}},{"start":{},"end":{}}]},"8":{"loc":{"start":{"line":98,"column":8},"end":{"line":98,"column":39}},"type":"binary-expr","locations":[{"start":{"line":98,"column":8},"end":{"line":98,"column":14}},{"start":{"line":98,"column":18},"end":{"line":98,"column":26}},{"start":{"line":98,"column":30},"end":{"line":98,"column":39}}]},"9":{"loc":{"start":{"line":105,"column":4},"end":{"line":107,"column":5}},"type":"if","locations":[{"start":{"line":105,"column":4},"end":{"line":107,"column":5}},{"start":{},"end":{}}]},"10":{"loc":{"start":{"line":110,"column":4},"end":{"line":112,"column":5}},"type":"if","locations":[{"start":{"line":110,"column":4},"end":{"line":112,"column":5}},{"start":{},"end":{}}]},"11":{"loc":{"start":{"line":115,"column":4},"end":{"line":120,"column":5}},"type":"if","locations":[{"start":{"line":115,"column":4},"end":{"line":120,"column":5}},{"start":{},"end":{}}]},"12":{"loc":{"start":{"line":115,"column":8},"end":{"line":115,"column":35}},"type":"binary-expr","locations":[{"start":{"line":115,"column":8},"end":{"line":115,"column":14}},{"start":{"line":115,"column":18},"end":{"line":115,"column":35}}]},"13":{"loc":{"start":{"line":157,"column":4},"end":{"line":164,"column":5}},"type":"if","locations":[{"start":{"line":157,"column":4},"end":{"line":164,"column":5}},{"start":{},"end":{}}]},"14":{"loc":{"start":{"line":159,"column":6},"end":{"line":163,"column":7}},"type":"if","locations":[{"start":{"line":159,"column":6},"end":{"line":163,"column":7}},{"start":{"line":161,"column":13},"end":{"line":163,"column":7}}]},"15":{"loc":{"start":{"line":167,"column":4},"end":{"line":169,"column":5}},"type":"if","locations":[{"start":{"line":167,"column":4},"end":{"line":169,"column":5}},{"start":{},"end":{}}]},"16":{"loc":{"start":{"line":167,"column":8},"end":{"line":167,"column":49}},"type":"binary-expr","locations":[{"start":{"line":167,"column":8},"end":{"line":167,"column":21}},{"start":{"line":167,"column":25},"end":{"line":167,"column":49}}]}},"s":{"0":1,"1":1,"2":1,"3":5,"4":5,"5":5,"6":5,"7":5,"8":2,"9":3,"10":3,"11":1,"12":1,"13":1,"14":3,"15":3,"16":2,"17":1,"18":1,"19":1,"20":3,"21":3,"22":2,"23":1,"24":2,"25":1,"26":1,"27":1,"28":3,"29":3,"30":3,"31":2,"32":1,"33":1,"34":1,"35":1,"36":1,"37":5,"38":5,"39":5,"40":5,"41":5,"42":5,"43":1,"44":4,"45":4,"46":1,"47":3,"48":3,"49":1,"50":2,"51":2,"52":1,"53":1,"54":1,"55":2,"56":1,"57":1,"58":1,"59":1,"60":5,"61":5,"62":5,"63":5,"64":4,"65":2,"66":2,"67":1,"68":1,"69":2,"70":2,"71":1,"72":2,"73":1,"74":1},"f":{"0":5,"1":3,"2":3,"3":5,"4":5},"b":{"0":[2,3],"1":[5,4,3],"2":[1,2],"3":[3,1],"4":[1,1],"5":[2,2],"6":[1,1],"7":[1,4],"8":[5,4,4],"9":[1,3],"10":[1,2],"11":[1,1],"12":[2,1],"13":[2,2],"14":[1,1],"15":[1,1],"16":[2,1]}}
,"C:\\Users\\gh56\\Desktop\\mypromenade\\backend\\src\\controllers\\users.ts": {"path":"C:\\Users\\gh56\\Desktop\\mypromenade\\backend\\src\\controllers\\users.ts","statementMap":{"0":{"start":{"line":2,"column":0},"end":{"line":2,"column":38}},"1":{"start":{"line":3,"column":0},"end":{"line":3,"column":28}},"2":{"start":{"line":4,"column":0},"end":{"line":4,"column":31}},"3":{"start":{"line":5,"column":0},"end":{"line":5,"column":29}},"4":{"start":{"line":6,"column":0},"end":{"line":6,"column":24}},"5":{"start":{"line":7,"column":0},"end":{"line":7,"column":30}},"6":{"start":{"line":9,"column":26},"end":{"line":91,"column":1}},"7":{"start":{"line":14,"column":2},"end":{"line":90,"column":3}},"8":{"start":{"line":15,"column":57},"end":{"line":15,"column":65}},"9":{"start":{"line":16,"column":29},"end":{"line":16,"column":37}},"10":{"start":{"line":18,"column":4},"end":{"line":22,"column":5}},"11":{"start":{"line":19,"column":6},"end":{"line":21,"column":49}},"12":{"start":{"line":24,"column":23},"end":{"line":24,"column":51}},"13":{"start":{"line":25,"column":4},"end":{"line":29,"column":5}},"14":{"start":{"line":26,"column":6},"end":{"line":28,"column":48}},"15":{"start":{"line":32,"column":6},"end":{"line":32,"column":76}},"16":{"start":{"line":33,"column":4},"end":{"line":38,"column":5}},"17":{"start":{"line":34,"column":6},"end":{"line":37,"column":9}},"18":{"start":{"line":40,"column":25},"end":{"line":40,"column":79}},"19":{"start":{"line":41,"column":4},"end":{"line":43,"column":5}},"20":{"start":{"line":42,"column":6},"end":{"line":42,"column":67}},"21":{"start":{"line":44,"column":4},"end":{"line":46,"column":5}},"22":{"start":{"line":45,"column":6},"end":{"line":45,"column":67}},"23":{"start":{"line":48,"column":26},"end":{"line":48,"column":28}},"24":{"start":{"line":49,"column":4},"end":{"line":60,"column":5}},"25":{"start":{"line":50,"column":24},"end":{"line":50,"column":51}},"26":{"start":{"line":51,"column":23},"end":{"line":51,"column":44}},"27":{"start":{"line":52,"column":26},"end":{"line":52,"column":74}},"28":{"start":{"line":53,"column":24},"end":{"line":53,"column":75}},"29":{"start":{"line":55,"column":6},"end":{"line":55,"column":43}},"30":{"start":{"line":57,"column":6},"end":{"line":57,"column":70}},"31":{"start":{"line":59,"column":6},"end":{"line":59,"column":75}},"32":{"start":{"line":62,"column":25},"end":{"line":62,"column":56}},"33":{"start":{"line":64,"column":20},"end":{"line":71,"column":6}},"34":{"start":{"line":73,"column":4},"end":{"line":73,"column":25}},"35":{"start":{"line":75,"column":25},"end":{"line":83,"column":6}},"36":{"start":{"line":85,"column":4},"end":{"line":87,"column":63}},"37":{"start":{"line":89,"column":4},"end":{"line":89,"column":16}},"38":{"start":{"line":9,"column":13},"end":{"line":9,"column":26}},"39":{"start":{"line":93,"column":21},"end":{"line":126,"column":1}},"40":{"start":{"line":98,"column":2},"end":{"line":125,"column":3}},"41":{"start":{"line":99,"column":32},"end":{"line":99,"column":40}},"42":{"start":{"line":100,"column":17},"end":{"line":100,"column":46}},"43":{"start":{"line":101,"column":4},"end":{"line":105,"column":5}},"44":{"start":{"line":102,"column":6},"end":{"line":104,"column":54}},"45":{"start":{"line":107,"column":25},"end":{"line":110,"column":6}},"46":{"start":{"line":112,"column":18},"end":{"line":117,"column":null}},"47":{"start":{"line":120,"column":4},"end":{"line":122,"column":69}},"48":{"start":{"line":124,"column":4},"end":{"line":124,"column":16}},"49":{"start":{"line":93,"column":13},"end":{"line":93,"column":21}}},"fnMap":{"0":{"name":"(anonymous_1)","decl":{"start":{"line":9,"column":26},"end":{"line":9,"column":31}},"loc":{"start":{"line":13,"column":4},"end":{"line":91,"column":1}}},"1":{"name":"(anonymous_2)","decl":{"start":{"line":93,"column":21},"end":{"line":93,"column":26}},"loc":{"start":{"line":97,"column":4},"end":{"line":126,"column":1}}}},"branchMap":{"0":{"loc":{"start":{"line":18,"column":4},"end":{"line":22,"column":5}},"type":"if","locations":[{"start":{"line":18,"column":4},"end":{"line":22,"column":5}},{"start":{},"end":{}}]},"1":{"loc":{"start":{"line":18,"column":8},"end":{"line":18,"column":53}},"type":"binary-expr","locations":[{"start":{"line":18,"column":8},"end":{"line":18,"column":17}},{"start":{"line":18,"column":21},"end":{"line":18,"column":27}},{"start":{"line":18,"column":31},"end":{"line":18,"column":40}},{"start":{"line":18,"column":44},"end":{"line":18,"column":53}}]},"2":{"loc":{"start":{"line":25,"column":4},"end":{"line":29,"column":5}},"type":"if","locations":[{"start":{"line":25,"column":4},"end":{"line":29,"column":5}},{"start":{},"end":{}}]},"3":{"loc":{"start":{"line":33,"column":4},"end":{"line":38,"column":5}},"type":"if","locations":[{"start":{"line":33,"column":4},"end":{"line":38,"column":5}},{"start":{},"end":{}}]},"4":{"loc":{"start":{"line":41,"column":4},"end":{"line":43,"column":5}},"type":"if","locations":[{"start":{"line":41,"column":4},"end":{"line":43,"column":5}},{"start":{},"end":{}}]},"5":{"loc":{"start":{"line":41,"column":8},"end":{"line":41,"column":52}},"type":"binary-expr","locations":[{"start":{"line":41,"column":8},"end":{"line":41,"column":20}},{"start":{"line":41,"column":24},"end":{"line":41,"column":52}}]},"6":{"loc":{"start":{"line":44,"column":4},"end":{"line":46,"column":5}},"type":"if","locations":[{"start":{"line":44,"column":4},"end":{"line":46,"column":5}},{"start":{},"end":{}}]},"7":{"loc":{"start":{"line":44,"column":8},"end":{"line":44,"column":58}},"type":"binary-expr","locations":[{"start":{"line":44,"column":8},"end":{"line":44,"column":20}},{"start":{"line":44,"column":24},"end":{"line":44,"column":58}}]},"8":{"loc":{"start":{"line":49,"column":4},"end":{"line":60,"column":5}},"type":"if","locations":[{"start":{"line":49,"column":4},"end":{"line":60,"column":5}},{"start":{"line":58,"column":11},"end":{"line":60,"column":5}}]},"9":{"loc":{"start":{"line":101,"column":4},"end":{"line":105,"column":5}},"type":"if","locations":[{"start":{"line":101,"column":4},"end":{"line":105,"column":5}},{"start":{},"end":{}}]},"10":{"loc":{"start":{"line":101,"column":8},"end":{"line":101,"column":65}},"type":"binary-expr","locations":[{"start":{"line":101,"column":8},"end":{"line":101,"column":13}},{"start":{"line":101,"column":17},"end":{"line":101,"column":65}}]}},"s":{"0":1,"1":1,"2":1,"3":1,"4":1,"5":1,"6":1,"7":12,"8":12,"9":12,"10":12,"11":3,"12":9,"13":9,"14":1,"15":8,"16":8,"17":2,"18":6,"19":5,"20":1,"21":4,"22":1,"23":3,"24":3,"25":2,"26":2,"27":2,"28":2,"29":2,"30":2,"31":1,"32":3,"33":3,"34":3,"35":3,"36":3,"37":1,"38":1,"39":1,"40":4,"41":4,"42":4,"43":3,"44":2,"45":1,"46":1,"47":1,"48":1,"49":1},"f":{"0":12,"1":4},"b":{"0":[3,9],"1":[12,10,9,9],"2":[1,8],"3":[2,6],"4":[1,4],"5":[5,5],"6":[1,3],"7":[4,4],"8":[2,1],"9":[2,1],"10":[3,2]}}
,"C:\\Users\\gh56\\Desktop\\mypromenade\\backend\\src\\middlewares\\auth.ts": {"path":"C:\\Users\\gh56\\Desktop\\mypromenade\\backend\\src\\middlewares\\auth.ts","statementMap":{"0":{"start":{"line":2,"column":0},"end":{"line":2,"column":47}},"1":{"start":{"line":4,"column":30},"end":{"line":24,"column":1}},"2":{"start":{"line":9,"column":2},"end":{"line":23,"column":3}},"3":{"start":{"line":10,"column":18},"end":{"line":10,"column":58}},"4":{"start":{"line":11,"column":4},"end":{"line":13,"column":5}},"5":{"start":{"line":12,"column":6},"end":{"line":12,"column":66}},"6":{"start":{"line":14,"column":20},"end":{"line":14,"column":71}},"7":{"start":{"line":15,"column":4},"end":{"line":15,"column":23}},"8":{"start":{"line":16,"column":4},"end":{"line":16,"column":26}},"9":{"start":{"line":17,"column":4},"end":{"line":17,"column":11}},"10":{"start":{"line":19,"column":4},"end":{"line":21,"column":5}},"11":{"start":{"line":20,"column":6},"end":{"line":20,"column":63}},"12":{"start":{"line":22,"column":4},"end":{"line":22,"column":63}},"13":{"start":{"line":4,"column":13},"end":{"line":4,"column":30}}},"fnMap":{"0":{"name":"(anonymous_1)","decl":{"start":{"line":4,"column":30},"end":{"line":4,"column":null}},"loc":{"start":{"line":8,"column":4},"end":{"line":24,"column":1}}}},"branchMap":{"0":{"loc":{"start":{"line":11,"column":4},"end":{"line":13,"column":5}},"type":"if","locations":[{"start":{"line":11,"column":4},"end":{"line":13,"column":5}},{"start":{},"end":{}}]},"1":{"loc":{"start":{"line":19,"column":4},"end":{"line":21,"column":5}},"type":"if","locations":[{"start":{"line":19,"column":4},"end":{"line":21,"column":5}},{"start":{},"end":{}}]}},"s":{"0":1,"1":1,"2":4,"3":4,"4":4,"5":1,"6":3,"7":1,"8":1,"9":1,"10":2,"11":1,"12":1,"13":1},"f":{"0":4},"b":{"0":[1,3],"1":[1,1]}}
,"C:\\Users\\gh56\\Desktop\\mypromenade\\backend\\src\\schemas\\category.ts": {"path":"C:\\Users\\gh56\\Desktop\\mypromenade\\backend\\src\\schemas\\category.ts","statementMap":{"0":{"start":{"line":1,"column":0},"end":{"line":1,"column":41}},"1":{"start":{"line":3,"column":23},"end":{"line":18,"column":2}},"2":{"start":{"line":20,"column":17},"end":{"line":20,"column":50}},"3":{"start":{"line":22,"column":0},"end":{"line":22,"column":24}}},"fnMap":{},"branchMap":{},"s":{"0":1,"1":1,"2":1,"3":1},"f":{},"b":{}}
,"C:\\Users\\gh56\\Desktop\\mypromenade\\backend\\src\\schemas\\image.ts": {"path":"C:\\Users\\gh56\\Desktop\\mypromenade\\backend\\src\\schemas\\image.ts","statementMap":{"0":{"start":{"line":1,"column":0},"end":{"line":1,"column":58}},"1":{"start":{"line":3,"column":20},"end":{"line":21,"column":2}},"2":{"start":{"line":23,"column":14},"end":{"line":23,"column":41}},"3":{"start":{"line":25,"column":0},"end":{"line":25,"column":21}}},"fnMap":{},"branchMap":{},"s":{"0":2,"1":2,"2":2,"3":2},"f":{},"b":{}}
,"C:\\Users\\gh56\\Desktop\\mypromenade\\backend\\src\\schemas\\post.ts": {"path":"C:\\Users\\gh56\\Desktop\\mypromenade\\backend\\src\\schemas\\post.ts","statementMap":{"0":{"start":{"line":1,"column":0},"end":{"line":1,"column":41}},"1":{"start":{"line":3,"column":19},"end":{"line":51,"column":2}},"2":{"start":{"line":53,"column":13},"end":{"line":53,"column":38}},"3":{"start":{"line":55,"column":0},"end":{"line":55,"column":20}}},"fnMap":{},"branchMap":{},"s":{"0":1,"1":1,"2":1,"3":1},"f":{},"b":{}}
,"C:\\Users\\gh56\\Desktop\\mypromenade\\backend\\src\\schemas\\user.ts": {"path":"C:\\Users\\gh56\\Desktop\\mypromenade\\backend\\src\\schemas\\user.ts","statementMap":{"0":{"start":{"line":1,"column":0},"end":{"line":1,"column":41}},"1":{"start":{"line":3,"column":19},"end":{"line":38,"column":2}},"2":{"start":{"line":40,"column":13},"end":{"line":40,"column":38}},"3":{"start":{"line":42,"column":0},"end":{"line":42,"column":20}}},"fnMap":{},"branchMap":{},"s":{"0":1,"1":1,"2":1,"3":1},"f":{},"b":{}}
,"C:\\Users\\gh56\\Desktop\\mypromenade\\backend\\src\\services\\file.service.ts": {"path":"C:\\Users\\gh56\\Desktop\\mypromenade\\backend\\src\\services\\file.service.ts","statementMap":{"0":{"start":{"line":1,"column":0},"end":{"line":1,"column":28}},"1":{"start":{"line":2,"column":0},"end":{"line":2,"column":24}},"2":{"start":{"line":3,"column":0},"end":{"line":3,"column":29}},"3":{"start":{"line":4,"column":0},"end":{"line":4,"column":37}},"4":{"start":{"line":12,"column":29},"end":{"line":50,"column":1}},"5":{"start":{"line":17,"column":19},"end":{"line":20,"column":18}},"6":{"start":{"line":21,"column":18},"end":{"line":21,"column":49}},"7":{"start":{"line":22,"column":22},"end":{"line":22,"column":45}},"8":{"start":{"line":23,"column":19},"end":{"line":23,"column":70}},"9":{"start":{"line":25,"column":22},"end":{"line":25,"column":61}},"10":{"start":{"line":27,"column":2},"end":{"line":47,"column":3}},"11":{"start":{"line":28,"column":4},"end":{"line":30,"column":5}},"12":{"start":{"line":29,"column":6},"end":{"line":29,"column":40}},"13":{"start":{"line":31,"column":4},"end":{"line":31,"column":31}},"14":{"start":{"line":33,"column":4},"end":{"line":38,"column":5}},"15":{"start":{"line":34,"column":6},"end":{"line":34,"column":48}},"16":{"start":{"line":36,"column":6},"end":{"line":36,"column":45}},"17":{"start":{"line":37,"column":6},"end":{"line":37,"column":40}},"18":{"start":{"line":39,"column":21},"end":{"line":39,"column":66}},"19":{"start":{"line":40,"column":4},"end":{"line":45,"column":7}},"20":{"start":{"line":46,"column":4},"end":{"line":46,"column":31}},"21":{"start":{"line":49,"column":2},"end":{"line":49,"column":23}},"22":{"start":{"line":12,"column":13},"end":{"line":12,"column":29}},"23":{"start":{"line":52,"column":31},"end":{"line":82,"column":1}},"24":{"start":{"line":53,"column":2},"end":{"line":81,"column":3}},"25":{"start":{"line":54,"column":4},"end":{"line":80,"column":5}},"26":{"start":{"line":55,"column":20},"end":{"line":55,"column":49}},"27":{"start":{"line":56,"column":6},"end":{"line":77,"column":7}},"28":{"start":{"line":57,"column":8},"end":{"line":57,"column":47}},"29":{"start":{"line":58,"column":8},"end":{"line":58,"column":17}},"30":{"start":{"line":60,"column":8},"end":{"line":60,"column":34}},"31":{"start":{"line":61,"column":8},"end":{"line":61,"column":27}},"32":{"start":{"line":63,"column":8},"end":{"line":76,"column":9}},"33":{"start":{"line":64,"column":27},"end":{"line":64,"column":61}},"34":{"start":{"line":65,"column":27},"end":{"line":65,"column":75}},"35":{"start":{"line":66,"column":10},"end":{"line":75,"column":11}},"36":{"start":{"line":67,"column":12},"end":{"line":67,"column":38}},"37":{"start":{"line":68,"column":12},"end":{"line":68,"column":59}},"38":{"start":{"line":69,"column":12},"end":{"line":69,"column":53}},"39":{"start":{"line":71,"column":12},"end":{"line":74,"column":14}},"40":{"start":{"line":79,"column":6},"end":{"line":79,"column":60}},"41":{"start":{"line":52,"column":13},"end":{"line":52,"column":31}}},"fnMap":{"0":{"name":"(anonymous_1)","decl":{"start":{"line":12,"column":29},"end":{"line":12,"column":34}},"loc":{"start":{"line":16,"column":4},"end":{"line":50,"column":1}}},"1":{"name":"(anonymous_2)","decl":{"start":{"line":52,"column":31},"end":{"line":52,"column":36}},"loc":{"start":{"line":52,"column":68},"end":{"line":82,"column":1}}}},"branchMap":{"0":{"loc":{"start":{"line":27,"column":2},"end":{"line":47,"column":3}},"type":"if","locations":[{"start":{"line":27,"column":2},"end":{"line":47,"column":3}},{"start":{"line":32,"column":9},"end":{"line":47,"column":3}}]},"1":{"loc":{"start":{"line":28,"column":4},"end":{"line":30,"column":5}},"type":"if","locations":[{"start":{"line":28,"column":4},"end":{"line":30,"column":5}},{"start":{},"end":{}}]},"2":{"loc":{"start":{"line":56,"column":6},"end":{"line":77,"column":7}},"type":"if","locations":[{"start":{"line":56,"column":6},"end":{"line":77,"column":7}},{"start":{"line":59,"column":13},"end":{"line":77,"column":7}}]},"3":{"loc":{"start":{"line":63,"column":8},"end":{"line":76,"column":9}},"type":"if","locations":[{"start":{"line":63,"column":8},"end":{"line":76,"column":9}},{"start":{},"end":{}}]}},"s":{"0":2,"1":2,"2":2,"3":2,"4":2,"5":4,"6":4,"7":4,"8":4,"9":4,"10":4,"11":2,"12":1,"13":2,"14":2,"15":2,"16":1,"17":1,"18":1,"19":1,"20":1,"21":3,"22":2,"23":2,"24":5,"25":5,"26":5,"27":4,"28":1,"29":1,"30":3,"31":3,"32":3,"33":2,"34":2,"35":2,"36":2,"37":1,"38":1,"39":1,"40":1,"41":2},"f":{"0":4,"1":5},"b":{"0":[2,2],"1":[1,1],"2":[1,3],"3":[2,1]}}
}
