{"C:\\Users\\gh56\\Desktop\\mypromenade\\backend\\src\\controllers\\users.ts": {"path":"C:\\Users\\gh56\\Desktop\\mypromenade\\backend\\src\\controllers\\users.ts","statementMap":{"0":{"start":{"line":2,"column":0},"end":{"line":2,"column":38}},"1":{"start":{"line":3,"column":0},"end":{"line":3,"column":28}},"2":{"start":{"line":4,"column":0},"end":{"line":4,"column":31}},"3":{"start":{"line":5,"column":0},"end":{"line":5,"column":29}},"4":{"start":{"line":6,"column":0},"end":{"line":6,"column":24}},"5":{"start":{"line":7,"column":0},"end":{"line":7,"column":30}},"6":{"start":{"line":9,"column":26},"end":{"line":91,"column":1}},"7":{"start":{"line":14,"column":2},"end":{"line":90,"column":3}},"8":{"start":{"line":15,"column":57},"end":{"line":15,"column":65}},"9":{"start":{"line":16,"column":29},"end":{"line":16,"column":37}},"10":{"start":{"line":18,"column":4},"end":{"line":22,"column":5}},"11":{"start":{"line":19,"column":6},"end":{"line":21,"column":49}},"12":{"start":{"line":24,"column":23},"end":{"line":24,"column":51}},"13":{"start":{"line":25,"column":4},"end":{"line":29,"column":5}},"14":{"start":{"line":26,"column":6},"end":{"line":28,"column":48}},"15":{"start":{"line":32,"column":6},"end":{"line":32,"column":76}},"16":{"start":{"line":33,"column":4},"end":{"line":38,"column":5}},"17":{"start":{"line":34,"column":6},"end":{"line":37,"column":9}},"18":{"start":{"line":40,"column":25},"end":{"line":40,"column":79}},"19":{"start":{"line":41,"column":4},"end":{"line":43,"column":5}},"20":{"start":{"line":42,"column":6},"end":{"line":42,"column":67}},"21":{"start":{"line":44,"column":4},"end":{"line":46,"column":5}},"22":{"start":{"line":45,"column":6},"end":{"line":45,"column":67}},"23":{"start":{"line":48,"column":26},"end":{"line":48,"column":28}},"24":{"start":{"line":49,"column":4},"end":{"line":60,"column":5}},"25":{"start":{"line":50,"column":24},"end":{"line":50,"column":51}},"26":{"start":{"line":51,"column":23},"end":{"line":51,"column":44}},"27":{"start":{"line":52,"column":26},"end":{"line":52,"column":74}},"28":{"start":{"line":53,"column":24},"end":{"line":53,"column":75}},"29":{"start":{"line":55,"column":6},"end":{"line":55,"column":43}},"30":{"start":{"line":57,"column":6},"end":{"line":57,"column":70}},"31":{"start":{"line":59,"column":6},"end":{"line":59,"column":75}},"32":{"start":{"line":62,"column":25},"end":{"line":62,"column":56}},"33":{"start":{"line":64,"column":20},"end":{"line":71,"column":6}},"34":{"start":{"line":73,"column":4},"end":{"line":73,"column":25}},"35":{"start":{"line":75,"column":25},"end":{"line":83,"column":6}},"36":{"start":{"line":85,"column":4},"end":{"line":87,"column":63}},"37":{"start":{"line":89,"column":4},"end":{"line":89,"column":16}},"38":{"start":{"line":9,"column":13},"end":{"line":9,"column":26}},"39":{"start":{"line":93,"column":21},"end":{"line":126,"column":1}},"40":{"start":{"line":98,"column":2},"end":{"line":125,"column":3}},"41":{"start":{"line":99,"column":32},"end":{"line":99,"column":40}},"42":{"start":{"line":100,"column":17},"end":{"line":100,"column":46}},"43":{"start":{"line":101,"column":4},"end":{"line":105,"column":5}},"44":{"start":{"line":102,"column":6},"end":{"line":104,"column":54}},"45":{"start":{"line":107,"column":25},"end":{"line":110,"column":6}},"46":{"start":{"line":112,"column":18},"end":{"line":117,"column":null}},"47":{"start":{"line":120,"column":4},"end":{"line":122,"column":69}},"48":{"start":{"line":124,"column":4},"end":{"line":124,"column":16}},"49":{"start":{"line":93,"column":13},"end":{"line":93,"column":21}}},"fnMap":{"0":{"name":"(anonymous_1)","decl":{"start":{"line":9,"column":26},"end":{"line":9,"column":31}},"loc":{"start":{"line":13,"column":4},"end":{"line":91,"column":1}}},"1":{"name":"(anonymous_2)","decl":{"start":{"line":93,"column":21},"end":{"line":93,"column":26}},"loc":{"start":{"line":97,"column":4},"end":{"line":126,"column":1}}}},"branchMap":{"0":{"loc":{"start":{"line":18,"column":4},"end":{"line":22,"column":5}},"type":"if","locations":[{"start":{"line":18,"column":4},"end":{"line":22,"column":5}},{"start":{},"end":{}}]},"1":{"loc":{"start":{"line":18,"column":8},"end":{"line":18,"column":53}},"type":"binary-expr","locations":[{"start":{"line":18,"column":8},"end":{"line":18,"column":17}},{"start":{"line":18,"column":21},"end":{"line":18,"column":27}},{"start":{"line":18,"column":31},"end":{"line":18,"column":40}},{"start":{"line":18,"column":44},"end":{"line":18,"column":53}}]},"2":{"loc":{"start":{"line":25,"column":4},"end":{"line":29,"column":5}},"type":"if","locations":[{"start":{"line":25,"column":4},"end":{"line":29,"column":5}},{"start":{},"end":{}}]},"3":{"loc":{"start":{"line":33,"column":4},"end":{"line":38,"column":5}},"type":"if","locations":[{"start":{"line":33,"column":4},"end":{"line":38,"column":5}},{"start":{},"end":{}}]},"4":{"loc":{"start":{"line":41,"column":4},"end":{"line":43,"column":5}},"type":"if","locations":[{"start":{"line":41,"column":4},"end":{"line":43,"column":5}},{"start":{},"end":{}}]},"5":{"loc":{"start":{"line":41,"column":8},"end":{"line":41,"column":52}},"type":"binary-expr","locations":[{"start":{"line":41,"column":8},"end":{"line":41,"column":20}},{"start":{"line":41,"column":24},"end":{"line":41,"column":52}}]},"6":{"loc":{"start":{"line":44,"column":4},"end":{"line":46,"column":5}},"type":"if","locations":[{"start":{"line":44,"column":4},"end":{"line":46,"column":5}},{"start":{},"end":{}}]},"7":{"loc":{"start":{"line":44,"column":8},"end":{"line":44,"column":58}},"type":"binary-expr","locations":[{"start":{"line":44,"column":8},"end":{"line":44,"column":20}},{"start":{"line":44,"column":24},"end":{"line":44,"column":58}}]},"8":{"loc":{"start":{"line":49,"column":4},"end":{"line":60,"column":5}},"type":"if","locations":[{"start":{"line":49,"column":4},"end":{"line":60,"column":5}},{"start":{"line":58,"column":11},"end":{"line":60,"column":5}}]},"9":{"loc":{"start":{"line":101,"column":4},"end":{"line":105,"column":5}},"type":"if","locations":[{"start":{"line":101,"column":4},"end":{"line":105,"column":5}},{"start":{},"end":{}}]},"10":{"loc":{"start":{"line":101,"column":8},"end":{"line":101,"column":65}},"type":"binary-expr","locations":[{"start":{"line":101,"column":8},"end":{"line":101,"column":13}},{"start":{"line":101,"column":17},"end":{"line":101,"column":65}}]}},"s":{"0":1,"1":1,"2":1,"3":1,"4":1,"5":1,"6":1,"7":12,"8":12,"9":12,"10":12,"11":3,"12":9,"13":9,"14":1,"15":8,"16":8,"17":2,"18":6,"19":5,"20":1,"21":4,"22":1,"23":3,"24":3,"25":2,"26":2,"27":2,"28":2,"29":2,"30":2,"31":1,"32":3,"33":3,"34":3,"35":3,"36":3,"37":1,"38":1,"39":1,"40":4,"41":4,"42":4,"43":3,"44":2,"45":1,"46":1,"47":1,"48":1,"49":1},"f":{"0":12,"1":4},"b":{"0":[3,9],"1":[12,10,9,9],"2":[1,8],"3":[2,6],"4":[1,4],"5":[5,5],"6":[1,3],"7":[4,4],"8":[2,1],"9":[2,1],"10":[3,2]}}
,"C:\\Users\\gh56\\Desktop\\mypromenade\\backend\\src\\schemas\\user.ts": {"path":"C:\\Users\\gh56\\Desktop\\mypromenade\\backend\\src\\schemas\\user.ts","statementMap":{"0":{"start":{"line":1,"column":0},"end":{"line":1,"column":41}},"1":{"start":{"line":3,"column":19},"end":{"line":38,"column":2}},"2":{"start":{"line":40,"column":13},"end":{"line":40,"column":38}},"3":{"start":{"line":42,"column":0},"end":{"line":42,"column":20}}},"fnMap":{},"branchMap":{},"s":{"0":1,"1":1,"2":1,"3":1},"f":{},"b":{}}
}
