TN:
SF:src\controllers\categories.ts
FN:4,(anonymous_1)
FN:33,(anonymous_2)
FN:47,(anonymous_3)
FN:93,(anonymous_4)
FNF:4
FNH:4
FNDA:4,(anonymous_1)
FNDA:2,(anonymous_2)
FNDA:6,(anonymous_3)
FNDA:4,(anonymous_4)
DA:2,1
DA:4,1
DA:9,4
DA:10,4
DA:11,4
DA:13,4
DA:14,1
DA:16,3
DA:17,3
DA:19,1
DA:24,2
DA:25,1
DA:29,1
DA:33,1
DA:38,2
DA:39,2
DA:40,2
DA:41,1
DA:43,1
DA:47,1
DA:52,6
DA:53,6
DA:54,6
DA:55,6
DA:57,5
DA:58,1
DA:63,4
DA:69,3
DA:70,2
DA:71,2
DA:72,1
DA:76,1
DA:79,1
DA:84,2
DA:85,1
DA:89,1
DA:93,1
DA:98,4
DA:99,4
DA:100,4
DA:101,4
DA:105,3
DA:106,2
DA:107,2
DA:108,1
DA:112,1
DA:115,1
DA:117,1
LF:48
LH:48
BRDA:13,0,0,1
BRDA:13,0,1,3
BRDA:24,1,0,1
BRDA:24,1,1,1
BRDA:57,2,0,1
BRDA:57,2,1,4
BRDA:69,3,0,2
BRDA:69,3,1,1
BRDA:71,4,0,1
BRDA:71,4,1,1
BRDA:84,5,0,1
BRDA:84,5,1,1
BRDA:105,6,0,2
BRDA:105,6,1,1
BRDA:107,7,0,1
BRDA:107,7,1,1
BRF:16
BRH:16
end_of_record
TN:
SF:src\controllers\posts.ts
FN:6,(anonymous_1)
FN:54,(anonymous_2)
FN:70,(anonymous_3)
FN:87,(anonymous_4)
FN:143,(anonymous_5)
FNF:5
FNH:5
FNDA:4,(anonymous_1)
FNDA:3,(anonymous_2)
FNDA:3,(anonymous_3)
FNDA:5,(anonymous_4)
FNDA:4,(anonymous_5)
DA:2,1
DA:4,1
DA:6,1
DA:11,4
DA:13,4
DA:14,4
DA:15,4
DA:17,4
DA:18,2
DA:23,2
DA:24,2
DA:25,0
DA:26,0
DA:27,0
DA:32,2
DA:42,2
DA:45,1
DA:50,1
DA:54,1
DA:59,3
DA:60,3
DA:61,2
DA:62,1
DA:64,2
DA:66,1
DA:70,1
DA:75,3
DA:76,3
DA:77,3
DA:78,2
DA:79,1
DA:81,1
DA:83,1
DA:87,1
DA:92,5
DA:93,5
DA:94,5
DA:95,5
DA:96,5
DA:98,5
DA:99,1
DA:104,4
DA:105,4
DA:106,1
DA:109,3
DA:110,0
DA:111,0
DA:114,0
DA:115,0
DA:116,0
DA:117,0
DA:118,0
DA:122,0
DA:134,0
DA:139,3
DA:143,1
DA:148,4
DA:149,4
DA:150,4
DA:152,4
DA:157,3
DA:158,2
DA:159,2
DA:160,1
DA:162,1
DA:166,1
DA:167,1
DA:168,0
DA:171,1
DA:173,1
LF:70
LH:57
BRDA:17,0,0,2
BRDA:17,0,1,2
BRDA:17,1,0,4
BRDA:17,1,1,3
BRDA:17,1,2,2
BRDA:24,2,0,0
BRDA:24,2,1,2
BRDA:24,3,0,2
BRDA:24,3,1,0
BRDA:61,4,0,1
BRDA:61,4,1,1
BRDA:61,5,0,2
BRDA:61,5,1,2
BRDA:78,6,0,1
BRDA:78,6,1,1
BRDA:98,7,0,1
BRDA:98,7,1,4
BRDA:98,8,0,5
BRDA:98,8,1,4
BRDA:98,8,2,4
BRDA:105,9,0,1
BRDA:105,9,1,3
BRDA:110,10,0,0
BRDA:110,10,1,0
BRDA:115,11,0,0
BRDA:115,11,1,0
BRDA:115,12,0,0
BRDA:115,12,1,0
BRDA:157,13,0,2
BRDA:157,13,1,1
BRDA:159,14,0,1
BRDA:159,14,1,1
BRDA:167,15,0,0
BRDA:167,15,1,1
BRDA:167,16,0,1
BRDA:167,16,1,0
BRF:36
BRH:26
end_of_record
TN:
SF:src\middlewares\auth.ts
FN:4,(anonymous_1)
FNF:1
FNH:1
FNDA:4,(anonymous_1)
DA:2,1
DA:4,1
DA:9,4
DA:10,4
DA:11,4
DA:12,1
DA:14,3
DA:15,1
DA:16,1
DA:17,1
DA:19,2
DA:20,1
DA:22,1
LF:13
LH:13
BRDA:11,0,0,1
BRDA:11,0,1,3
BRDA:19,1,0,1
BRDA:19,1,1,1
BRF:4
BRH:4
end_of_record
TN:
SF:src\schemas\category.ts
FNF:0
FNH:0
DA:1,1
DA:3,1
DA:20,1
DA:22,1
LF:4
LH:4
BRF:0
BRH:0
end_of_record
TN:
SF:src\schemas\image.ts
FNF:0
FNH:0
DA:1,1
DA:3,1
DA:23,1
DA:25,1
LF:4
LH:4
BRF:0
BRH:0
end_of_record
TN:
SF:src\schemas\post.ts
FNF:0
FNH:0
DA:1,1
DA:3,1
DA:53,1
DA:55,1
LF:4
LH:4
BRF:0
BRH:0
end_of_record
TN:
SF:src\services\file.service.ts
FN:12,(anonymous_1)
FN:52,(anonymous_2)
FNF:2
FNH:0
FNDA:0,(anonymous_1)
FNDA:0,(anonymous_2)
DA:1,1
DA:2,1
DA:3,1
DA:4,1
DA:12,1
DA:17,0
DA:21,0
DA:22,0
DA:23,0
DA:25,0
DA:27,0
DA:28,0
DA:29,0
DA:31,0
DA:33,0
DA:34,0
DA:36,0
DA:37,0
DA:39,0
DA:40,0
DA:46,0
DA:49,0
DA:52,1
DA:53,0
DA:54,0
DA:55,0
DA:56,0
DA:57,0
DA:58,0
DA:59,0
DA:60,0
DA:61,0
DA:62,0
LF:33
LH:6
BRDA:27,0,0,0
BRDA:27,0,1,0
BRDA:28,1,0,0
BRDA:28,1,1,0
BRDA:55,2,0,0
BRDA:55,2,1,0
BRDA:58,3,0,0
BRDA:58,3,1,0
BRF:8
BRH:0
end_of_record
