TN:
SF:src\controllers\users.ts
FN:9,(anonymous_1)
FN:95,(anonymous_2)
FNF:2
FNH:2
FNDA:10,(anonymous_1)
FNDA:4,(anonymous_2)
DA:2,1
DA:3,1
DA:4,1
DA:5,1
DA:6,1
DA:7,1
DA:9,1
DA:14,10
DA:15,10
DA:16,10
DA:18,10
DA:19,3
DA:24,7
DA:25,7
DA:26,1
DA:32,6
DA:33,6
DA:34,2
DA:40,4
DA:41,3
DA:42,3
DA:43,1
DA:45,2
DA:46,1
DA:52,1
DA:53,1
DA:54,1
DA:55,1
DA:56,1
DA:57,1
DA:59,1
DA:61,1
DA:64,1
DA:66,1
DA:75,1
DA:77,1
DA:87,1
DA:91,1
DA:95,1
DA:100,4
DA:101,4
DA:102,4
DA:103,3
DA:104,2
DA:109,1
DA:114,1
DA:122,1
DA:126,1
LF:48
LH:48
BRDA:18,0,0,3
BRDA:18,0,1,7
BRDA:18,1,0,10
BRDA:18,1,1,8
BRDA:18,1,2,7
BRDA:18,1,3,7
BRDA:25,2,0,1
BRDA:25,2,1,6
BRDA:33,3,0,2
BRDA:33,3,1,4
BRDA:41,4,0,3
BRDA:41,4,1,0
BRDA:42,5,0,1
BRDA:42,5,1,2
BRDA:45,6,0,1
BRDA:45,6,1,1
BRDA:53,7,0,1
BRDA:53,7,1,0
BRDA:103,8,0,2
BRDA:103,8,1,1
BRDA:103,9,0,3
BRDA:103,9,1,2
BRF:22
BRH:20
end_of_record
TN:
SF:src\schemas\user.ts
FNF:0
FNH:0
DA:1,1
DA:3,1
DA:40,1
DA:42,1
LF:4
LH:4
BRF:0
BRH:0
end_of_record
